# JRE version: Java(TM) SE Runtime Environment (9.0+11) (build 9.0.4+11)
# Java VM: Java HotSpot(TM) 64-Bit Server VM (9.0.4+11, mixed mode, tiered, compressed oops, g1 gc, windows-amd64)
Heap:
 garbage-first heap   total 76800K, used 47061K [0x00000000c2a00000, 0x00000000c2b00258, 0x0000000100000000)
  region size 1024K, 34 young (34816K), 1 survivors (1024K)
 Metaspace       used 28450K, capacity 29710K, committed 29952K, reserved 1075200K
  class space    used 3488K, capacity 3755K, committed 3840K, reserved 1048576K
GC Heap History (10 events):
Event: 4.964 GC heap before
{Heap before GC invocations=5 (full 0):
 garbage-first heap   total 63488K, used 21116K [0x00000000c2a00000, 0x00000000c2b001f0, 0x0000000100000000)
  region size 1024K, 14 young (14336K), 1 survivors (1024K)
 Metaspace       used 23233K, capacity 24328K, committed 24448K, reserved 1071104K
  class space    used 2932K, capacity 3164K, committed 3200K, reserved 1048576K
}
Event: 4.986 GC heap after
{Heap after GC invocations=6 (full 0):
 garbage-first heap   total 76800K, used 10451K [0x00000000c2a00000, 0x00000000c2b00258, 0x0000000100000000)
  region size 1024K, 2 young (2048K), 2 survivors (2048K)
 Metaspace       used 23233K, capacity 24328K, committed 24448K, reserved 1071104K
  class space    used 2932K, capacity 3164K, committed 3200K, reserved 1048576K
}
Event: 5.522 GC heap before
{Heap before GC invocations=6 (full 0):
 garbage-first heap   total 76800K, used 36051K [0x00000000c2a00000, 0x00000000c2b00258, 0x0000000100000000)
  region size 1024K, 27 young (27648K), 2 survivors (2048K)
 Metaspace       used 23445K, capacity 24558K, committed 24704K, reserved 1071104K
  class space    used 2952K, capacity 3197K, committed 3200K, reserved 1048576K
}
Event: 5.532 GC heap after
{Heap after GC invocations=7 (full 0):
 garbage-first heap   total 76800K, used 11087K [0x00000000c2a00000, 0x00000000c2b00258, 0x0000000100000000)
  region size 1024K, 3 young (3072K), 3 survivors (3072K)
 Metaspace       used 23445K, capacity 24558K, committed 24704K, reserved 1071104K
  class space    used 2952K, capacity 3197K, committed 3200K, reserved 1048576K
}
Event: 5.920 GC heap before
{Heap before GC invocations=7 (full 0):
 garbage-first heap   total 76800K, used 39759K [0x00000000c2a00000, 0x00000000c2b00258, 0x0000000100000000)
  region size 1024K, 31 young (31744K), 3 survivors (3072K)
 Metaspace       used 23531K, capacity 24628K, committed 24704K, reserved 1071104K
  class space    used 2954K, capacity 3198K, committed 3200K, reserved 1048576K
}
Event: 5.932 GC heap after
{Heap after GC invocations=8 (full 0):
 garbage-first heap   total 76800K, used 11325K [0x00000000c2a00000, 0x00000000c2b00258, 0x0000000100000000)
  region size 1024K, 1 young (1024K), 1 survivors (1024K)
 Metaspace       used 23531K, capacity 24628K, committed 24704K, reserved 1071104K
  class space    used 2954K, capacity 3198K, committed 3200K, reserved 1048576K
}
Event: 6.254 GC heap before
{Heap before GC invocations=8 (full 0):
 garbage-first heap   total 76800K, used 43069K [0x00000000c2a00000, 0x00000000c2b00258, 0x0000000100000000)
  region size 1024K, 32 young (32768K), 1 survivors (1024K)
 Metaspace       used 23538K, capacity 24634K, committed 24704K, reserved 1071104K
  class space    used 2955K, capacity 3199K, committed 3200K, reserved 1048576K
}
Event: 6.261 GC heap after
{Heap after GC invocations=9 (full 0):
 garbage-first heap   total 76800K, used 11292K [0x00000000c2a00000, 0x00000000c2b00258, 0x0000000100000000)
  region size 1024K, 1 young (1024K), 1 survivors (1024K)
 Metaspace       used 23538K, capacity 24634K, committed 24704K, reserved 1071104K
  class space    used 2955K, capacity 3199K, committed 3200K, reserved 1048576K
}
Event: 6.588 GC heap before
{Heap before GC invocations=9 (full 0):
 garbage-first heap   total 76800K, used 46108K [0x00000000c2a00000, 0x00000000c2b00258, 0x0000000100000000)
  region size 1024K, 35 young (35840K), 1 survivors (1024K)
 Metaspace       used 23546K, capacity 24640K, committed 24704K, reserved 1071104K
  class space    used 2955K, capacity 3200K, committed 3200K, reserved 1048576K
}
Event: 6.592 GC heap after
{Heap after GC invocations=10 (full 0):
 garbage-first heap   total 76800K, used 11221K [0x00000000c2a00000, 0x00000000c2b00258, 0x0000000100000000)
  region size 1024K, 1 young (1024K), 1 survivors (1024K)
 Metaspace       used 23546K, capacity 24640K, committed 24704K, reserved 1071104K
  class space    used 2955K, capacity 3200K, committed 3200K, reserved 1048576K
}

