# JRE version: Java(TM) SE Runtime Environment (9.0+11) (build 9.0.4+11)
# Java VM: Java HotSpot(TM) 64-Bit Server VM (9.0.4+11, mixed mode, tiered, compressed oops, g1 gc, windows-amd64)
Heap:
 garbage-first heap   total 76800K, used 50267K [0x00000000c2a00000, 0x00000000c2b00258, 0x0000000100000000)
  region size 1024K, 39 young (39936K), 3 survivors (3072K)
 Metaspace       used 28400K, capacity 29646K, committed 29952K, reserved 1075200K
  class space    used 3502K, capacity 3755K, committed 3840K, reserved 1048576K
GC Heap History (10 events):
Event: 3.331 GC heap before
{Heap before GC invocations=3 (full 0):
 garbage-first heap   total 63488K, used 7686K [0x00000000c2a00000, 0x00000000c2b001f0, 0x0000000100000000)
  region size 1024K, 3 young (3072K), 2 survivors (2048K)
 Metaspace       used 20151K, capacity 21088K, committed 21296K, reserved 1069056K
  class space    used 2451K, capacity 2658K, committed 2688K, reserved 1048576K
}
Event: 3.348 GC heap after
{Heap after GC invocations=4 (full 0):
 garbage-first heap   total 63488K, used 8243K [0x00000000c2a00000, 0x00000000c2b001f0, 0x0000000100000000)
  region size 1024K, 1 young (1024K), 1 survivors (1024K)
 Metaspace       used 20151K, capacity 21088K, committed 21296K, reserved 1069056K
  class space    used 2451K, capacity 2658K, committed 2688K, reserved 1048576K
}
Event: 4.725 GC heap before
{Heap before GC invocations=5 (full 0):
 garbage-first heap   total 63488K, used 21555K [0x00000000c2a00000, 0x00000000c2b001f0, 0x0000000100000000)
  region size 1024K, 14 young (14336K), 1 survivors (1024K)
 Metaspace       used 23273K, capacity 24360K, committed 24448K, reserved 1071104K
  class space    used 2939K, capacity 3196K, committed 3200K, reserved 1048576K
}
Event: 4.741 GC heap after
{Heap after GC invocations=6 (full 0):
 garbage-first heap   total 76800K, used 10872K [0x00000000c2a00000, 0x00000000c2b00258, 0x0000000100000000)
  region size 1024K, 2 young (2048K), 2 survivors (2048K)
 Metaspace       used 23273K, capacity 24360K, committed 24448K, reserved 1071104K
  class space    used 2939K, capacity 3196K, committed 3200K, reserved 1048576K
}
Event: 5.488 GC heap before
{Heap before GC invocations=6 (full 0):
 garbage-first heap   total 76800K, used 49784K [0x00000000c2a00000, 0x00000000c2b00258, 0x0000000100000000)
  region size 1024K, 40 young (40960K), 2 survivors (2048K)
 Metaspace       used 23531K, capacity 24628K, committed 24704K, reserved 1071104K
  class space    used 2961K, capacity 3198K, committed 3200K, reserved 1048576K
}
Event: 5.499 GC heap after
{Heap after GC invocations=7 (full 0):
 garbage-first heap   total 76800K, used 11362K [0x00000000c2a00000, 0x00000000c2b00258, 0x0000000100000000)
  region size 1024K, 3 young (3072K), 3 survivors (3072K)
 Metaspace       used 23531K, capacity 24628K, committed 24704K, reserved 1071104K
  class space    used 2961K, capacity 3198K, committed 3200K, reserved 1048576K
}
Event: 5.925 GC heap before
{Heap before GC invocations=7 (full 0):
 garbage-first heap   total 76800K, used 50274K [0x00000000c2a00000, 0x00000000c2b00258, 0x0000000100000000)
  region size 1024K, 41 young (41984K), 3 survivors (3072K)
 Metaspace       used 23577K, capacity 24634K, committed 24704K, reserved 1071104K
  class space    used 2962K, capacity 3199K, committed 3200K, reserved 1048576K
}
Event: 5.936 GC heap after
{Heap after GC invocations=8 (full 0):
 garbage-first heap   total 76800K, used 11549K [0x00000000c2a00000, 0x00000000c2b00258, 0x0000000100000000)
  region size 1024K, 3 young (3072K), 3 survivors (3072K)
 Metaspace       used 23577K, capacity 24634K, committed 24704K, reserved 1071104K
  class space    used 2962K, capacity 3199K, committed 3200K, reserved 1048576K
}
Event: 6.324 GC heap before
{Heap before GC invocations=8 (full 0):
 garbage-first heap   total 76800K, used 51485K [0x00000000c2a00000, 0x00000000c2b00258, 0x0000000100000000)
  region size 1024K, 42 young (43008K), 3 survivors (3072K)
 Metaspace       used 23587K, capacity 24704K, committed 24960K, reserved 1071104K
  class space    used 2962K, capacity 3200K, committed 3200K, reserved 1048576K
}
Event: 6.334 GC heap after
{Heap after GC invocations=9 (full 0):
 garbage-first heap   total 76800K, used 11355K [0x00000000c2a00000, 0x00000000c2b00258, 0x0000000100000000)
  region size 1024K, 3 young (3072K), 3 survivors (3072K)
 Metaspace       used 23587K, capacity 24704K, committed 24960K, reserved 1071104K
  class space    used 2962K, capacity 3200K, committed 3200K, reserved 1048576K
}

