# JRE version: Java(TM) SE Runtime Environment (9.0+11) (build 9.0.4+11)
# Java VM: Java HotSpot(TM) 64-Bit Server VM (9.0.4+11, mixed mode, tiered, compressed oops, g1 gc, windows-amd64)
Heap:
 garbage-first heap   total 92160K, used 18046K [0x00000000c2a00000, 0x00000000c2b002d0, 0x0000000100000000)
  region size 1024K, 7 young (7168K), 4 survivors (4096K)
 Metaspace       used 28652K, capacity 29838K, committed 29952K, reserved 1075200K
  class space    used 3502K, capacity 3755K, committed 3840K, reserved 1048576K
GC Heap History (10 events):
Event: 4.720 GC heap before
{Heap before GC invocations=5 (full 0):
 garbage-first heap   total 63488K, used 22604K [0x00000000c2a00000, 0x00000000c2b001f0, 0x0000000100000000)
  region size 1024K, 15 young (15360K), 1 survivors (1024K)
 Metaspace       used 23310K, capacity 24424K, committed 24704K, reserved 1071104K
  class space    used 2944K, capacity 3196K, committed 3200K, reserved 1048576K
}
Event: 4.736 GC heap after
{Heap after GC invocations=6 (full 0):
 garbage-first heap   total 76800K, used 10878K [0x00000000c2a00000, 0x00000000c2b00258, 0x0000000100000000)
  region size 1024K, 2 young (2048K), 2 survivors (2048K)
 Metaspace       used 23310K, capacity 24424K, committed 24704K, reserved 1071104K
  class space    used 2944K, capacity 3196K, committed 3200K, reserved 1048576K
}
Event: 5.375 GC heap before
{Heap before GC invocations=6 (full 0):
 garbage-first heap   total 76800K, used 46718K [0x00000000c2a00000, 0x00000000c2b00258, 0x0000000100000000)
  region size 1024K, 37 young (37888K), 2 survivors (2048K)
 Metaspace       used 23489K, capacity 24564K, committed 24704K, reserved 1071104K
  class space    used 2960K, capacity 3198K, committed 3200K, reserved 1048576K
}
Event: 5.385 GC heap after
{Heap after GC invocations=7 (full 0):
 garbage-first heap   total 76800K, used 11205K [0x00000000c2a00000, 0x00000000c2b00258, 0x0000000100000000)
  region size 1024K, 3 young (3072K), 3 survivors (3072K)
 Metaspace       used 23489K, capacity 24564K, committed 24704K, reserved 1071104K
  class space    used 2960K, capacity 3198K, committed 3200K, reserved 1048576K
}
Event: 5.815 GC heap before
{Heap before GC invocations=7 (full 0):
 garbage-first heap   total 76800K, used 48069K [0x00000000c2a00000, 0x00000000c2b00258, 0x0000000100000000)
  region size 1024K, 39 young (39936K), 3 survivors (3072K)
 Metaspace       used 23549K, capacity 24628K, committed 24704K, reserved 1071104K
  class space    used 2962K, capacity 3198K, committed 3200K, reserved 1048576K
}
Event: 5.826 GC heap after
{Heap after GC invocations=8 (full 0):
 garbage-first heap   total 76800K, used 11494K [0x00000000c2a00000, 0x00000000c2b00258, 0x0000000100000000)
  region size 1024K, 3 young (3072K), 3 survivors (3072K)
 Metaspace       used 23549K, capacity 24628K, committed 24704K, reserved 1071104K
  class space    used 2962K, capacity 3198K, committed 3200K, reserved 1048576K
}
Event: 6.237 GC heap before
{Heap before GC invocations=8 (full 0):
 garbage-first heap   total 76800K, used 51430K [0x00000000c2a00000, 0x00000000c2b00258, 0x0000000100000000)
  region size 1024K, 42 young (43008K), 3 survivors (3072K)
 Metaspace       used 23559K, capacity 24640K, committed 24704K, reserved 1071104K
  class space    used 2963K, capacity 3200K, committed 3200K, reserved 1048576K
}
Event: 6.248 GC heap after
{Heap after GC invocations=9 (full 0):
 garbage-first heap   total 76800K, used 11349K [0x00000000c2a00000, 0x00000000c2b00258, 0x0000000100000000)
  region size 1024K, 3 young (3072K), 3 survivors (3072K)
 Metaspace       used 23559K, capacity 24640K, committed 24704K, reserved 1071104K
  class space    used 2963K, capacity 3200K, committed 3200K, reserved 1048576K
}
Event: 15.367 GC heap before
{Heap before GC invocations=9 (full 0):
 garbage-first heap   total 76800K, used 55381K [0x00000000c2a00000, 0x00000000c2b00258, 0x0000000100000000)
  region size 1024K, 43 young (44032K), 3 survivors (3072K)
 Metaspace       used 28495K, capacity 29710K, committed 29952K, reserved 1075200K
  class space    used 3499K, capacity 3755K, committed 3840K, reserved 1048576K
}
Event: 15.409 GC heap after
{Heap after GC invocations=10 (full 0):
 garbage-first heap   total 92160K, used 15998K [0x00000000c2a00000, 0x00000000c2b002d0, 0x0000000100000000)
  region size 1024K, 4 young (4096K), 4 survivors (4096K)
 Metaspace       used 28495K, capacity 29710K, committed 29952K, reserved 1075200K
  class space    used 3499K, capacity 3755K, committed 3840K, reserved 1048576K
}

